#
# There is insufficient memory for the Java Runtime Environment to continue.
# Native memory allocation (mmap) failed to map 134217728 bytes for Failed to commit area from 0x0000000081c00000 to 0x0000000089c00000 of length 134217728.
# Possible reasons:
#   The system is out of physical RAM or swap space
#   The process is running with CompressedOops enabled, and the Java Heap may be blocking the growth of the native heap
# Possible solutions:
#   Reduce memory load on the system
#   Increase physical memory or swap space
#   Check if swap backing store is full
#   Decrease Java heap size (-Xmx/-Xms)
#   Decrease number of Java threads
#   Decrease Java thread stack sizes (-Xss)
#   Set larger code cache with -XX:ReservedCodeCacheSize=
# This output file may be truncated or incomplete.
#
#  Out of Memory Error (t:/workspace/open/src/hotspot/os/windows/os_windows.cpp:3301), pid=11512, tid=11980
#
# JRE version:  (13.0.2+8) (build )
# Java VM: Java HotSpot(TM) 64-Bit Server VM (13.0.2+8, mixed mode, aot, sharing, tiered, compressed oops, g1 gc, windows-amd64)
# No core dump will be written. Minidumps are not enabled by default on client versions of Windows
#

---------------  S U M M A R Y ------------

Command Line: -Dfile.encoding=UTF-8 --module-path=D:\Document de l'éducation\HK7\JAVA\Project\thuvien\sqljdbc_8.2\fra\mssql-jdbc-8.2.0.jre11.jar Form_App

Host: Intel(R) Core(TM) i7-7700HQ CPU @ 2.80GHz, 8 cores, 7G,  Windows 10 , 64 bit Build 18362 (10.0.18362.900)
Time: Sat Jun 13 02:03:51 2020 SE Asia Standard Time elapsed time: 0 seconds (0d 0h 0m 0s)

---------------  T H R E A D  ---------------

Current thread (0x0000023aa1f4e800):  JavaThread "Unknown thread" [_thread_in_vm, id=11980, stack(0x000000d9fa600000,0x000000d9fa700000)]

Stack: [0x000000d9fa600000,0x000000d9fa700000]
Native frames: (J=compiled Java code, j=interpreted, Vv=VM code, C=native code)
V  [jvm.dll+0x624f9a]
V  [jvm.dll+0x770cfa]
V  [jvm.dll+0x7724af]
V  [jvm.dll+0x772ab3]
V  [jvm.dll+0x24bf08]
V  [jvm.dll+0x6222aa]
V  [jvm.dll+0x6170b5]
V  [jvm.dll+0x30a88c]
V  [jvm.dll+0x30a6c2]
V  [jvm.dll+0x30fe36]
V  [jvm.dll+0x353f46]
V  [jvm.dll+0x353720]
V  [jvm.dll+0x2e550a]
V  [jvm.dll+0x2e67a2]
V  [jvm.dll+0x74dd78]
V  [jvm.dll+0x361989]
V  [jvm.dll+0x730e65]
V  [jvm.dll+0x3cc53f]
V  [jvm.dll+0x3ce861]
C  [jli.dll+0x51ff]
C  [ucrtbase.dll+0x20e82]
C  [KERNEL32.DLL+0x17bd4]
C  [ntdll.dll+0x6ce51]


---------------  P R O C E S S  ---------------

Threads class SMR info:
_java_thread_list=0x00007ffacbd1ccb8, length=0, elements={
}

Java Threads: ( => current thread )

Other Threads:
  0x0000023aa1f90000 GCTaskThread "GC Thread#0" [stack: 0x000000d9fa700000,0x000000d9fa800000] [id=13440]
  0x0000023aa1fa2800 ConcurrentGCThread "G1 Main Marker" [stack: 0x000000d9fa800000,0x000000d9fa900000] [id=8852]
  0x0000023aa1fa8000 ConcurrentGCThread "G1 Conc#0" [stack: 0x000000d9fa900000,0x000000d9faa00000] [id=11872]

[error occurred during error reporting (printing all threads), id 0xc0000005, EXCEPTION_ACCESS_VIOLATION (0xc0000005) at pc=0x00007ffacb5551d7]

VM state:not at safepoint (not fully initialized)

VM Mutex/Monitor currently owned by a thread:  ([mutex/lock_event])
[0x0000023aa1f4af60] Heap_lock - owner thread: 0x0000023aa1f4e800

Heap address: 0x0000000081c00000, size: 2020 MB, Compressed Oops mode: Non-zero based: 0x0000000081c00000
Narrow klass base: 0x0000000000000000, Narrow klass shift: 0

GC Heap History (0 events):
No events

Deoptimization events (0 events):
No events

Classes unloaded (0 events):
No events

Classes redefined (0 events):
No events

Internal exceptions (0 events):
No events

Events (8 events):
Event: 0.005 Loaded shared library C:\Program Files\Java\jdk-13.0.2\bin\zip.dll
Event: 0.006 Loaded shared library C:\Program Files\Java\jdk-13.0.2\bin\jimage.dll
Event: 0.008 Loading shared library C:\Program Files\Java\jdk-13.0.2\lib\libjava.base-coop.dll failed, error code 126
Event: 0.008 Loading shared library C:\Program Files\Java\jdk-13.0.2\lib\libjava.logging-coop.dll failed, error code 126
Event: 0.008 Loading shared library C:\Program Files\Java\jdk-13.0.2\lib\libjdk.compiler-coop.dll failed, error code 126
Event: 0.008 Loading shared library C:\Program Files\Java\jdk-13.0.2\lib\libjdk.scripting.nashorn-coop.dll failed, error code 126
Event: 0.008 Loading shared library C:\Program Files\Java\jdk-13.0.2\lib\libjdk.internal.vm.ci-coop.dll failed, error code 126
Event: 0.008 Loading shared library C:\Program Files\Java\jdk-13.0.2\lib\libjdk.internal.vm.compiler-coop.dll failed, error code 126


Dynamic libraries:
0x00007ff7e3600000 - 0x00007ff7e360f000 	C:\Program Files\Java\jdk-13.0.2\bin\javaw.exe
0x00007ffb0c160000 - 0x00007ffb0c350000 	C:\Windows\SYSTEM32\ntdll.dll
0x00007ffb0a9c0000 - 0x00007ffb0aa72000 	C:\Windows\System32\KERNEL32.DLL
0x00007ffb09ec0000 - 0x00007ffb0a164000 	C:\Windows\System32\KERNELBASE.dll
0x00007ffb09560000 - 0x00007ffb0965a000 	C:\Windows\System32\ucrtbase.dll
0x00007ffb041b0000 - 0x00007ffb041c5000 	C:\Program Files\Java\jdk-13.0.2\bin\VCRUNTIME140.dll
0x00007ffb041d0000 - 0x00007ffb041e8000 	C:\Program Files\Java\jdk-13.0.2\bin\jli.dll
0x00007ffb0bd50000 - 0x00007ffb0bdf3000 	C:\Windows\System32\ADVAPI32.dll
0x00007ffb0bb20000 - 0x00007ffb0bbbe000 	C:\Windows\System32\msvcrt.dll
0x00007ffb0abc0000 - 0x00007ffb0ac57000 	C:\Windows\System32\sechost.dll
0x00007ffb0bbc0000 - 0x00007ffb0bce0000 	C:\Windows\System32\RPCRT4.dll
0x00007ffb0be00000 - 0x00007ffb0bf94000 	C:\Windows\System32\USER32.dll
0x00007ffaf8460000 - 0x00007ffaf86e4000 	C:\Windows\WinSxS\amd64_microsoft.windows.common-controls_6595b64144ccf1df_6.0.18362.900_none_e6beb9d913147d17\COMCTL32.dll
0x00007ffb0a170000 - 0x00007ffb0a191000 	C:\Windows\System32\win32u.dll
0x00007ffb0adc0000 - 0x00007ffb0ade6000 	C:\Windows\System32\GDI32.dll
0x00007ffb0a470000 - 0x00007ffb0a7a5000 	C:\Windows\System32\combase.dll
0x00007ffb09240000 - 0x00007ffb093d5000 	C:\Windows\System32\gdi32full.dll
0x00007ffb09660000 - 0x00007ffb096e0000 	C:\Windows\System32\bcryptPrimitives.dll
0x00007ffb093e0000 - 0x00007ffb0947e000 	C:\Windows\System32\msvcp_win.dll
0x00007ffb03d90000 - 0x00007ffb03d9a000 	C:\Windows\SYSTEM32\VERSION.dll
0x00007ffb0a290000 - 0x00007ffb0a2be000 	C:\Windows\System32\IMM32.DLL
0x00007ffad90e0000 - 0x00007ffad917b000 	C:\Program Files\Java\jdk-13.0.2\bin\msvcp140.dll
0x00007ffacb260000 - 0x00007ffacbdbd000 	C:\Program Files\Java\jdk-13.0.2\bin\server\jvm.dll
0x00007ffb0a9b0000 - 0x00007ffb0a9b8000 	C:\Windows\System32\PSAPI.DLL
0x00007ffafd720000 - 0x00007ffafd729000 	C:\Windows\SYSTEM32\WSOCK32.dll
0x00007ffaffac0000 - 0x00007ffaffae4000 	C:\Windows\SYSTEM32\WINMM.dll
0x00007ffb0bce0000 - 0x00007ffb0bd4f000 	C:\Windows\System32\WS2_32.dll
0x00007ffaffa90000 - 0x00007ffaffabd000 	C:\Windows\SYSTEM32\winmmbase.dll
0x00007ffb0a1c0000 - 0x00007ffb0a20a000 	C:\Windows\System32\cfgmgr32.dll
0x00007ffb090d0000 - 0x00007ffb090e1000 	C:\Windows\System32\kernel.appcore.dll
0x00007ffb053d0000 - 0x00007ffb053e0000 	C:\Program Files\Java\jdk-13.0.2\bin\verify.dll
0x00007ffb04720000 - 0x00007ffb04914000 	C:\Windows\SYSTEM32\DBGHELP.DLL
0x00007ffb00bd0000 - 0x00007ffb00bfa000 	C:\Windows\SYSTEM32\dbgcore.DLL
0x00007ffb03850000 - 0x00007ffb03876000 	C:\Program Files\Java\jdk-13.0.2\bin\java.dll
0x00007ffb04160000 - 0x00007ffb04177000 	C:\Program Files\Java\jdk-13.0.2\bin\zip.dll
0x00007ffb04ef0000 - 0x00007ffb04efa000 	C:\Program Files\Java\jdk-13.0.2\bin\jimage.dll

dbghelp: loaded successfully - version: 4.0.5 - missing functions: none
symbol engine: initialized successfully - sym options: 0x614 - pdb path: .;C:\Program Files\Java\jdk-13.0.2\bin;C:\Windows\SYSTEM32;C:\Windows\WinSxS\amd64_microsoft.windows.common-controls_6595b64144ccf1df_6.0.18362.900_none_e6beb9d913147d17;C:\Program Files\Java\jdk-13.0.2\bin\server

VM Arguments:
jvm_args: -Dfile.encoding=UTF-8 --module-path=D:\Document de l'éducation\HK7\JAVA\Project\thuvien\sqljdbc_8.2\fra\mssql-jdbc-8.2.0.jre11.jar 
java_command: Form_App
java_class_path (initial): D:\Program Files (x86)\ECLIPSE\Eclipse-workspace\AppCOVI19\bin
Launcher Type: SUN_STANDARD

[Global flags]
     intx CICompilerCount                          = 4                                         {product} {ergonomic}
     uint ConcGCThreads                            = 2                                         {product} {ergonomic}
     uint G1ConcRefinementThreads                  = 8                                         {product} {ergonomic}
   size_t G1HeapRegionSize                         = 1048576                                   {product} {ergonomic}
    uintx GCDrainStackTargetSize                   = 64                                        {product} {ergonomic}
   size_t InitialHeapSize                          = 134217728                                 {product} {ergonomic}
   size_t MarkStackSize                            = 4194304                                   {product} {ergonomic}
   size_t MaxHeapSize                              = 2118123520                                {product} {ergonomic}
   size_t MinHeapDeltaBytes                        = 1048576                                   {product} {ergonomic}
   size_t MinHeapSize                              = 8388608                                   {product} {ergonomic}
    uintx NonNMethodCodeHeapSize                   = 5839372                                {pd product} {ergonomic}
    uintx NonProfiledCodeHeapSize                  = 122909434                              {pd product} {ergonomic}
    uintx ProfiledCodeHeapSize                     = 122909434                              {pd product} {ergonomic}
    uintx ReservedCodeCacheSize                    = 251658240                              {pd product} {ergonomic}
     bool SegmentedCodeCache                       = true                                      {product} {ergonomic}
   size_t SoftMaxHeapSize                          = 2118123520                             {manageable} {ergonomic}
     bool UseCompressedClassPointers               = true                                 {lp64_product} {ergonomic}
     bool UseCompressedOops                        = true                                 {lp64_product} {ergonomic}
     bool UseG1GC                                  = true                                      {product} {ergonomic}
     bool UseLargePagesIndividualAllocation        = false                                  {pd product} {ergonomic}

Logging:
Log output configuration:
 #0: stdout all=warning uptime,level,tags
 #1: stderr all=off uptime,level,tags

Environment Variables:
PATH=C:/Program Files/Java/jdk-13.0.2/bin/server;C:/Program Files/Java/jdk-13.0.2/bin;C:\Windows\system32;C:\Windows;C:\Windows\System32\Wbem;C:\Windows\System32\WindowsPowerShell\v1.0\;C:\Windows\System32\OpenSSH\;C:\Program Files\Microsoft SQL Server\Client SDK\ODBC\130\Tools\Binn\;C:\Program Files (x86)\Microsoft SQL Server\140\Tools\Binn\;C:\Program Files\Microsoft SQL Server\140\Tools\Binn\;C:\Program Files\Microsoft SQL Server\140\DTS\Binn\;C:\Program Files (x86)\Microsoft SQL Server\150\DTS\Binn\;C:\Program Files\dotnet\;C:\Program Files\Microsoft SQL Server\130\Tools\Binn\;C:\Program Files\Microsoft SQL Server\Client SDK\ODBC\170\Tools\Binn\;C:\Program Files\Java\jdk-13.0.2\bin;C:\Program Files\Git\cmd;C:\Users\Admin\AppData\Local\Microsoft\WindowsApps;;C:\Users\Admin\AppData\Local\Programs\Microsoft VS Code\bin;D:\Program Files (x86)\IntelliJ IDEA Community Edition 2020.1.1\bin;;D:\Program Files (x86)\jee-2019-12\eclipse;
USERNAME=Admin
OS=Windows_NT
PROCESSOR_IDENTIFIER=Intel64 Family 6 Model 158 Stepping 9, GenuineIntel



---------------  S Y S T E M  ---------------

OS: Windows 10 , 64 bit Build 18362 (10.0.18362.900)

CPU:total 8 (initial active 8) (4 cores per cpu, 2 threads per core) family 6 model 158 stepping 9, cmov, cx8, fxsr, mmx, sse, sse2, sse3, ssse3, sse4.1, sse4.2, popcnt, avx, avx2, aes, clmul, erms, 3dnowpref, lzcnt, ht, tsc, tscinvbit, bmi1, bmi2, adx, fma

Memory: 4k page, system-wide physical 8073M (3460M free)
TotalPageFile size 12169M (AvailPageFile size 74M)
current process WorkingSet (physical memory assigned to process): 10M, peak: 10M
current process commit charge ("private bytes"): 60M, peak: 188M

vm_info: Java HotSpot(TM) 64-Bit Server VM (13.0.2+8) for windows-amd64 JRE (13.0.2+8), built on Dec 11 2019 09:20:33 by "mach5one" with unknown MS VC++:1916

END.
